# Logfile created on 2014-01-29 20:44:26 -0500 by logger.rb/31641
I, [2014-01-29T20:44:26.883420 #2196]  INFO -- : 0:  i18n (0.6.5) from C:/Ruby193/lib/ruby/gems/1.9.1/specifications/i18n-0.6.5.gemspec
I, [2014-01-29T20:44:26.885420 #2196]  INFO -- : 0:  multi_json (1.8.2) from C:/Ruby193/lib/ruby/gems/1.9.1/specifications/multi_json-1.8.2.gemspec
I, [2014-01-29T20:44:26.887420 #2196]  INFO -- : 0:  activesupport (3.2.15) from C:/Ruby193/lib/ruby/gems/1.9.1/specifications/activesupport-3.2.15.gemspec
I, [2014-01-29T20:44:26.889420 #2196]  INFO -- : 0:  bundler (1.5.1) from C:/Ruby193/lib/ruby/gems/1.9.1/specifications/bundler-1.5.1.gemspec
I, [2014-01-29T20:44:26.891420 #2196]  INFO -- : 0:  chunky_png (1.2.9) from C:/Ruby193/lib/ruby/gems/1.9.1/specifications/chunky_png-1.2.9.gemspec
I, [2014-01-29T20:44:26.893421 #2196]  INFO -- : 0:  coffee-script-source (1.6.3) from C:/Ruby193/lib/ruby/gems/1.9.1/specifications/coffee-script-source-1.6.3.gemspec
I, [2014-01-29T20:44:26.896421 #2196]  INFO -- : 0:  execjs (1.4.0) from C:/Ruby193/lib/ruby/gems/1.9.1/specifications/execjs-1.4.0.gemspec
I, [2014-01-29T20:44:26.898421 #2196]  INFO -- : 0:  coffee-script (2.2.0) from C:/Ruby193/lib/ruby/gems/1.9.1/specifications/coffee-script-2.2.0.gemspec
I, [2014-01-29T20:44:26.901421 #2196]  INFO -- : 0:  fssm (0.2.10) from C:/Ruby193/lib/ruby/gems/1.9.1/specifications/fssm-0.2.10.gemspec
I, [2014-01-29T20:44:26.903421 #2196]  INFO -- : 0:  sass (3.2.12) from C:/Ruby193/lib/ruby/gems/1.9.1/specifications/sass-3.2.12.gemspec
I, [2014-01-29T20:44:26.905421 #2196]  INFO -- : 0:  compass (0.12.2) from C:/Ruby193/lib/ruby/gems/1.9.1/specifications/compass-0.12.2.gemspec
I, [2014-01-29T20:44:26.908421 #2196]  INFO -- : 0:  eventmachine (1.0.3) from C:/Ruby193/lib/ruby/gems/1.9.1/specifications/eventmachine-1.0.3-x86-mingw32.gemspec
I, [2014-01-29T20:44:26.911422 #2196]  INFO -- : 0:  http_parser.rb (0.5.3) from C:/Ruby193/lib/ruby/gems/1.9.1/specifications/http_parser.rb-0.5.3-x86-mingw32.gemspec
I, [2014-01-29T20:44:26.913422 #2196]  INFO -- : 0:  em-websocket (0.5.0) from C:/Ruby193/lib/ruby/gems/1.9.1/specifications/em-websocket-0.5.0.gemspec
I, [2014-01-29T20:44:26.923422 #2196]  INFO -- : 0:  ffi (1.9.3) from C:/Ruby193/lib/ruby/gems/1.9.1/specifications/ffi-1.9.3-x86-mingw32.gemspec
I, [2014-01-29T20:44:26.926422 #2196]  INFO -- : 0:  tilt (1.3.7) from C:/Ruby193/lib/ruby/gems/1.9.1/specifications/tilt-1.3.7.gemspec
I, [2014-01-29T20:44:26.961424 #2196]  INFO -- : 0:  haml (4.0.3) from C:/Ruby193/lib/ruby/gems/1.9.1/specifications/haml-4.0.3.gemspec
I, [2014-01-29T20:44:26.964425 #2196]  INFO -- : 0:  hike (1.2.3) from C:/Ruby193/lib/ruby/gems/1.9.1/specifications/hike-1.2.3.gemspec
I, [2014-01-29T20:44:26.966425 #2196]  INFO -- : 0:  kramdown (1.2.0) from C:/Ruby193/lib/ruby/gems/1.9.1/specifications/kramdown-1.2.0.gemspec
I, [2014-01-29T20:44:26.969425 #2196]  INFO -- : 0:  rb-fsevent (0.9.3) from C:/Ruby193/lib/ruby/gems/1.9.1/specifications/rb-fsevent-0.9.3.gemspec
I, [2014-01-29T20:44:26.972425 #2196]  INFO -- : 0:  rb-inotify (0.9.2) from C:/Ruby193/lib/ruby/gems/1.9.1/specifications/rb-inotify-0.9.2.gemspec
I, [2014-01-29T20:44:26.974425 #2196]  INFO -- : 0:  rb-kqueue (0.2.0) from C:/Ruby193/lib/ruby/gems/1.9.1/specifications/rb-kqueue-0.2.0.gemspec
I, [2014-01-29T20:44:26.976425 #2196]  INFO -- : 0:  listen (1.3.1) from C:/Ruby193/lib/ruby/gems/1.9.1/specifications/listen-1.3.1.gemspec
I, [2014-01-29T20:44:26.978425 #2196]  INFO -- : 0:  rack (1.5.2) from C:/Ruby193/lib/ruby/gems/1.9.1/specifications/rack-1.5.2.gemspec
I, [2014-01-29T20:44:26.980425 #2196]  INFO -- : 0:  rack-test (0.6.2) from C:/Ruby193/lib/ruby/gems/1.9.1/specifications/rack-test-0.6.2.gemspec
I, [2014-01-29T20:44:26.983426 #2196]  INFO -- : 0:  thor (0.18.1) from C:/Ruby193/lib/ruby/gems/1.9.1/specifications/thor-0.18.1.gemspec
I, [2014-01-29T20:44:26.985426 #2196]  INFO -- : 0:  middleman-core (3.1.6) from C:/Ruby193/lib/ruby/gems/1.9.1/specifications/middleman-core-3.1.6.gemspec
I, [2014-01-29T20:44:26.987426 #2196]  INFO -- : 0:  middleman-more (3.1.6) from C:/Ruby193/lib/ruby/gems/1.9.1/specifications/middleman-more-3.1.6.gemspec
I, [2014-01-29T20:44:26.989426 #2196]  INFO -- : 0:  sprockets (2.10.0) from C:/Ruby193/lib/ruby/gems/1.9.1/specifications/sprockets-2.10.0.gemspec
I, [2014-01-29T20:44:26.991426 #2196]  INFO -- : 0:  sprockets-helpers (1.0.1) from C:/Ruby193/lib/ruby/gems/1.9.1/specifications/sprockets-helpers-1.0.1.gemspec
I, [2014-01-29T20:44:26.993426 #2196]  INFO -- : 0:  sprockets-sass (1.0.2) from C:/Ruby193/lib/ruby/gems/1.9.1/specifications/sprockets-sass-1.0.2.gemspec
I, [2014-01-29T20:44:26.995426 #2196]  INFO -- : 0:  middleman-sprockets (3.1.4) from C:/Ruby193/lib/ruby/gems/1.9.1/specifications/middleman-sprockets-3.1.4.gemspec
I, [2014-01-29T20:44:26.997426 #2196]  INFO -- : 0:  uglifier (2.1.2) from C:/Ruby193/lib/ruby/gems/1.9.1/specifications/uglifier-2.1.2.gemspec
I, [2014-01-29T20:44:26.999427 #2196]  INFO -- : 0:  middleman (3.1.6) from C:/Ruby193/lib/ruby/gems/1.9.1/specifications/middleman-3.1.6.gemspec
I, [2014-01-29T20:44:27.001427 #2196]  INFO -- : 0:  rack-livereload (0.3.15) from C:/Ruby193/lib/ruby/gems/1.9.1/specifications/rack-livereload-0.3.15.gemspec
I, [2014-01-29T20:44:27.002427 #2196]  INFO -- : 0:  middleman-livereload (3.1.0) from C:/Ruby193/lib/ruby/gems/1.9.1/specifications/middleman-livereload-3.1.0.gemspec
I, [2014-01-29T20:44:27.004427 #2196]  INFO -- : 0:  redcarpet (3.0.0) from C:/Ruby193/lib/ruby/gems/1.9.1/specifications/redcarpet-3.0.0.gemspec
I, [2014-01-29T20:44:27.007427 #2196]  INFO -- : 0:  wdm (0.1.0) from C:/Ruby193/lib/ruby/gems/1.9.1/specifications/wdm-0.1.0.gemspec
I, [2014-01-29T20:44:55.193039 #10116]  INFO -- : 0:  i18n (0.6.9) from C:/Ruby193/lib/ruby/gems/1.9.1/specifications/i18n-0.6.9.gemspec
I, [2014-01-29T20:44:55.195039 #10116]  INFO -- : 0:  multi_json (1.8.4) from C:/Ruby193/lib/ruby/gems/1.9.1/specifications/multi_json-1.8.4.gemspec
I, [2014-01-29T20:44:55.198039 #10116]  INFO -- : 0:  activesupport (3.2.16) from C:/Ruby193/lib/ruby/gems/1.9.1/specifications/activesupport-3.2.16.gemspec
I, [2014-01-29T20:44:55.200040 #10116]  INFO -- : 0:  bundler (1.5.1) from C:/Ruby193/lib/ruby/gems/1.9.1/specifications/bundler-1.5.1.gemspec
I, [2014-01-29T20:44:55.202040 #10116]  INFO -- : 0:  chunky_png (1.2.9) from C:/Ruby193/lib/ruby/gems/1.9.1/specifications/chunky_png-1.2.9.gemspec
I, [2014-01-29T20:44:56.057089 #10116]  INFO -- : 0:  coffee-script-source (1.7.0) from C:/Ruby193/lib/ruby/gems/1.9.1/specifications/coffee-script-source-1.7.0.gemspec
I, [2014-01-29T20:44:56.060089 #10116]  INFO -- : 0:  execjs (1.4.0) from C:/Ruby193/lib/ruby/gems/1.9.1/specifications/execjs-1.4.0.gemspec
I, [2014-01-29T20:44:56.062089 #10116]  INFO -- : 0:  coffee-script (2.2.0) from C:/Ruby193/lib/ruby/gems/1.9.1/specifications/coffee-script-2.2.0.gemspec
I, [2014-01-29T20:44:56.065089 #10116]  INFO -- : 0:  fssm (0.2.10) from C:/Ruby193/lib/ruby/gems/1.9.1/specifications/fssm-0.2.10.gemspec
I, [2014-01-29T20:44:58.800245 #10116]  INFO -- : 0:  sass (3.2.14) from C:/Ruby193/lib/ruby/gems/1.9.1/specifications/sass-3.2.14.gemspec
I, [2014-01-29T20:44:58.802246 #10116]  INFO -- : 0:  compass (0.12.2) from C:/Ruby193/lib/ruby/gems/1.9.1/specifications/compass-0.12.2.gemspec
I, [2014-01-29T20:44:58.804246 #10116]  INFO -- : 0:  eventmachine (1.0.3) from C:/Ruby193/lib/ruby/gems/1.9.1/specifications/eventmachine-1.0.3-x86-mingw32.gemspec
I, [2014-01-29T20:44:58.806246 #10116]  INFO -- : 0:  http_parser.rb (0.5.3) from C:/Ruby193/lib/ruby/gems/1.9.1/specifications/http_parser.rb-0.5.3-x86-mingw32.gemspec
I, [2014-01-29T20:44:58.808246 #10116]  INFO -- : 0:  em-websocket (0.5.0) from C:/Ruby193/lib/ruby/gems/1.9.1/specifications/em-websocket-0.5.0.gemspec
I, [2014-01-29T20:44:58.809246 #10116]  INFO -- : 0:  ffi (1.9.3) from C:/Ruby193/lib/ruby/gems/1.9.1/specifications/ffi-1.9.3-x86-mingw32.gemspec
I, [2014-01-29T20:44:58.811246 #10116]  INFO -- : 0:  tilt (1.3.7) from C:/Ruby193/lib/ruby/gems/1.9.1/specifications/tilt-1.3.7.gemspec
I, [2014-01-29T20:44:58.813246 #10116]  INFO -- : 0:  haml (4.0.5) from C:/Ruby193/lib/ruby/gems/1.9.1/specifications/haml-4.0.5.gemspec
I, [2014-01-29T20:44:58.815246 #10116]  INFO -- : 0:  hike (1.2.3) from C:/Ruby193/lib/ruby/gems/1.9.1/specifications/hike-1.2.3.gemspec
I, [2014-01-29T20:44:58.816246 #10116]  INFO -- : 0:  kramdown (1.3.1) from C:/Ruby193/lib/ruby/gems/1.9.1/specifications/kramdown-1.3.1.gemspec
I, [2014-01-29T20:44:58.817246 #10116]  INFO -- : 0:  rb-fsevent (0.9.4) from C:/Ruby193/lib/ruby/gems/1.9.1/specifications/rb-fsevent-0.9.4.gemspec
I, [2014-01-29T20:44:58.819247 #10116]  INFO -- : 0:  rb-inotify (0.9.3) from C:/Ruby193/lib/ruby/gems/1.9.1/specifications/rb-inotify-0.9.3.gemspec
I, [2014-01-29T20:44:58.820247 #10116]  INFO -- : 0:  rb-kqueue (0.2.0) from C:/Ruby193/lib/ruby/gems/1.9.1/specifications/rb-kqueue-0.2.0.gemspec
I, [2014-01-29T20:44:58.822247 #10116]  INFO -- : 0:  listen (1.3.1) from C:/Ruby193/lib/ruby/gems/1.9.1/specifications/listen-1.3.1.gemspec
I, [2014-01-29T20:44:58.823247 #10116]  INFO -- : 0:  rack (1.5.2) from C:/Ruby193/lib/ruby/gems/1.9.1/specifications/rack-1.5.2.gemspec
I, [2014-01-29T20:44:58.825247 #10116]  INFO -- : 0:  rack-test (0.6.2) from C:/Ruby193/lib/ruby/gems/1.9.1/specifications/rack-test-0.6.2.gemspec
I, [2014-01-29T20:44:58.827247 #10116]  INFO -- : 0:  thor (0.18.1) from C:/Ruby193/lib/ruby/gems/1.9.1/specifications/thor-0.18.1.gemspec
I, [2014-01-29T20:44:58.831247 #10116]  INFO -- : 0:  middleman-core (3.1.6) from C:/Ruby193/lib/ruby/gems/1.9.1/specifications/middleman-core-3.1.6.gemspec
I, [2014-01-29T20:44:58.834247 #10116]  INFO -- : 0:  middleman-more (3.1.6) from C:/Ruby193/lib/ruby/gems/1.9.1/specifications/middleman-more-3.1.6.gemspec
I, [2014-01-29T20:44:58.836248 #10116]  INFO -- : 0:  sprockets (2.10.1) from C:/Ruby193/lib/ruby/gems/1.9.1/specifications/sprockets-2.10.1.gemspec
I, [2014-01-29T20:44:58.838248 #10116]  INFO -- : 0:  sprockets-helpers (1.0.1) from C:/Ruby193/lib/ruby/gems/1.9.1/specifications/sprockets-helpers-1.0.1.gemspec
I, [2014-01-29T20:44:58.841248 #10116]  INFO -- : 0:  sprockets-sass (1.0.2) from C:/Ruby193/lib/ruby/gems/1.9.1/specifications/sprockets-sass-1.0.2.gemspec
I, [2014-01-29T20:44:58.842248 #10116]  INFO -- : 0:  middleman-sprockets (3.1.4) from C:/Ruby193/lib/ruby/gems/1.9.1/specifications/middleman-sprockets-3.1.4.gemspec
I, [2014-01-29T20:44:58.844248 #10116]  INFO -- : 0:  uglifier (2.1.2) from C:/Ruby193/lib/ruby/gems/1.9.1/specifications/uglifier-2.1.2.gemspec
I, [2014-01-29T20:44:58.846248 #10116]  INFO -- : 0:  middleman (3.1.6) from C:/Ruby193/lib/ruby/gems/1.9.1/specifications/middleman-3.1.6.gemspec
I, [2014-01-29T20:44:58.848248 #10116]  INFO -- : 0:  rack-livereload (0.3.15) from C:/Ruby193/lib/ruby/gems/1.9.1/specifications/rack-livereload-0.3.15.gemspec
I, [2014-01-29T20:44:59.586290 #10116]  INFO -- : 0:  middleman-livereload (3.1.1) from C:/Ruby193/lib/ruby/gems/1.9.1/specifications/middleman-livereload-3.1.1.gemspec
I, [2014-01-29T20:44:59.588291 #10116]  INFO -- : 0:  redcarpet (3.0.0) from C:/Ruby193/lib/ruby/gems/1.9.1/specifications/redcarpet-3.0.0.gemspec
I, [2014-01-29T20:44:59.590291 #10116]  INFO -- : 0:  wdm (0.1.0) from C:/Ruby193/lib/ruby/gems/1.9.1/specifications/wdm-0.1.0.gemspec
I, [2014-06-18T09:47:48.437934 #9540]  INFO -- : 0:  i18n (0.6.9) from C:/Ruby193/lib/ruby/gems/1.9.1/specifications/i18n-0.6.9.gemspec
I, [2014-06-18T09:47:49.354026 #9540]  INFO -- : 0:  multi_json (1.10.1) from C:/Ruby193/lib/ruby/gems/1.9.1/specifications/multi_json-1.10.1.gemspec
I, [2014-06-18T09:47:52.029293 #9540]  INFO -- : 0:  activesupport (3.2.18) from C:/Ruby193/lib/ruby/gems/1.9.1/specifications/activesupport-3.2.18.gemspec
I, [2014-06-18T09:47:52.032294 #9540]  INFO -- : 0:  bundler (1.5.1) from C:/Ruby193/lib/ruby/gems/1.9.1/specifications/bundler-1.5.1.gemspec
I, [2014-06-18T09:47:56.673758 #9540]  INFO -- : 0:  chunky_png (1.3.1) from C:/Ruby193/lib/ruby/gems/1.9.1/specifications/chunky_png-1.3.1.gemspec
I, [2014-06-18T09:47:56.675758 #9540]  INFO -- : 0:  coffee-script-source (1.7.0) from C:/Ruby193/lib/ruby/gems/1.9.1/specifications/coffee-script-source-1.7.0.gemspec
I, [2014-06-18T09:47:56.677758 #9540]  INFO -- : 0:  execjs (1.4.0) from C:/Ruby193/lib/ruby/gems/1.9.1/specifications/execjs-1.4.0.gemspec
I, [2014-06-18T09:47:56.679758 #9540]  INFO -- : 0:  coffee-script (2.2.0) from C:/Ruby193/lib/ruby/gems/1.9.1/specifications/coffee-script-2.2.0.gemspec
I, [2014-06-18T09:47:56.680758 #9540]  INFO -- : 0:  fssm (0.2.10) from C:/Ruby193/lib/ruby/gems/1.9.1/specifications/fssm-0.2.10.gemspec
I, [2014-06-18T09:48:00.841174 #9540]  INFO -- : 0:  sass (3.2.19) from C:/Ruby193/lib/ruby/gems/1.9.1/specifications/sass-3.2.19.gemspec
I, [2014-06-18T09:48:13.795470 #9540]  INFO -- : 0:  compass (0.12.6) from C:/Ruby193/lib/ruby/gems/1.9.1/specifications/compass-0.12.6.gemspec
I, [2014-06-18T09:48:13.797470 #9540]  INFO -- : 0:  eventmachine (1.0.3) from C:/Ruby193/lib/ruby/gems/1.9.1/specifications/eventmachine-1.0.3-x86-mingw32.gemspec
I, [2014-06-18T09:48:32.415332 #9540]  INFO -- : 0:  http_parser.rb (0.6.0) from C:/Ruby193/lib/ruby/gems/1.9.1/specifications/http_parser.rb-0.6.0.gemspec
I, [2014-06-18T09:48:33.293419 #9540]  INFO -- : 0:  em-websocket (0.5.1) from C:/Ruby193/lib/ruby/gems/1.9.1/specifications/em-websocket-0.5.1.gemspec
I, [2014-06-18T09:48:33.297420 #9540]  INFO -- : 0:  ffi (1.9.3) from C:/Ruby193/lib/ruby/gems/1.9.1/specifications/ffi-1.9.3-x86-mingw32.gemspec
I, [2014-06-18T09:48:33.300420 #9540]  INFO -- : 0:  tilt (1.3.7) from C:/Ruby193/lib/ruby/gems/1.9.1/specifications/tilt-1.3.7.gemspec
I, [2014-06-18T09:48:33.302420 #9540]  INFO -- : 0:  haml (4.0.5) from C:/Ruby193/lib/ruby/gems/1.9.1/specifications/haml-4.0.5.gemspec
I, [2014-06-18T09:48:33.305421 #9540]  INFO -- : 0:  hike (1.2.3) from C:/Ruby193/lib/ruby/gems/1.9.1/specifications/hike-1.2.3.gemspec
I, [2014-06-18T09:48:37.281818 #9540]  INFO -- : 0:  kramdown (1.4.0) from C:/Ruby193/lib/ruby/gems/1.9.1/specifications/kramdown-1.4.0.gemspec
I, [2014-06-18T09:48:37.283818 #9540]  INFO -- : 0:  rb-fsevent (0.9.4) from C:/Ruby193/lib/ruby/gems/1.9.1/specifications/rb-fsevent-0.9.4.gemspec
I, [2014-06-18T09:48:37.910881 #9540]  INFO -- : 0:  rb-inotify (0.9.5) from C:/Ruby193/lib/ruby/gems/1.9.1/specifications/rb-inotify-0.9.5.gemspec
I, [2014-06-18T09:48:39.087999 #9540]  INFO -- : 0:  rb-kqueue (0.2.3) from C:/Ruby193/lib/ruby/gems/1.9.1/specifications/rb-kqueue-0.2.3.gemspec
I, [2014-06-18T09:48:39.091999 #9540]  INFO -- : 0:  listen (1.3.1) from C:/Ruby193/lib/ruby/gems/1.9.1/specifications/listen-1.3.1.gemspec
I, [2014-06-18T09:48:39.094999 #9540]  INFO -- : 0:  rack (1.5.2) from C:/Ruby193/lib/ruby/gems/1.9.1/specifications/rack-1.5.2.gemspec
I, [2014-06-18T09:48:39.098000 #9540]  INFO -- : 0:  rack-test (0.6.2) from C:/Ruby193/lib/ruby/gems/1.9.1/specifications/rack-test-0.6.2.gemspec
I, [2014-06-18T09:48:40.352125 #9540]  INFO -- : 0:  thor (0.19.1) from C:/Ruby193/lib/ruby/gems/1.9.1/specifications/thor-0.19.1.gemspec
I, [2014-06-18T09:48:40.355125 #9540]  INFO -- : 0:  middleman-core (3.1.6) from C:/Ruby193/lib/ruby/gems/1.9.1/specifications/middleman-core-3.1.6.gemspec
I, [2014-06-18T09:48:40.362126 #9540]  INFO -- : 0:  middleman-more (3.1.6) from C:/Ruby193/lib/ruby/gems/1.9.1/specifications/middleman-more-3.1.6.gemspec
I, [2014-06-18T09:48:41.071197 #9540]  INFO -- : 0:  sprockets (2.12.1) from C:/Ruby193/lib/ruby/gems/1.9.1/specifications/sprockets-2.12.1.gemspec
I, [2014-06-18T09:48:41.074197 #9540]  INFO -- : 0:  sprockets-helpers (1.0.1) from C:/Ruby193/lib/ruby/gems/1.9.1/specifications/sprockets-helpers-1.0.1.gemspec
I, [2014-06-18T09:48:41.971287 #9540]  INFO -- : 0:  sprockets-sass (1.0.3) from C:/Ruby193/lib/ruby/gems/1.9.1/specifications/sprockets-sass-1.0.3.gemspec
I, [2014-06-18T09:48:41.976288 #9540]  INFO -- : 0:  middleman-sprockets (3.1.4) from C:/Ruby193/lib/ruby/gems/1.9.1/specifications/middleman-sprockets-3.1.4.gemspec
I, [2014-06-18T09:48:41.981288 #9540]  INFO -- : 0:  uglifier (2.1.2) from C:/Ruby193/lib/ruby/gems/1.9.1/specifications/uglifier-2.1.2.gemspec
I, [2014-06-18T09:48:41.985288 #9540]  INFO -- : 0:  middleman (3.1.6) from C:/Ruby193/lib/ruby/gems/1.9.1/specifications/middleman-3.1.6.gemspec
I, [2014-06-18T09:48:41.989289 #9540]  INFO -- : 0:  rack-livereload (0.3.15) from C:/Ruby193/lib/ruby/gems/1.9.1/specifications/rack-livereload-0.3.15.gemspec
I, [2014-06-18T09:48:41.993289 #9540]  INFO -- : 0:  middleman-livereload (3.1.1) from C:/Ruby193/lib/ruby/gems/1.9.1/specifications/middleman-livereload-3.1.1.gemspec
I, [2014-06-18T09:48:52.185308 #9540]  INFO -- : 0:  redcarpet (3.1.2) from C:/Ruby193/lib/ruby/gems/1.9.1/specifications/redcarpet-3.1.2.gemspec
I, [2014-06-18T09:48:52.189309 #9540]  INFO -- : 0:  wdm (0.1.0) from C:/Ruby193/lib/ruby/gems/1.9.1/specifications/wdm-0.1.0.gemspec
